     1 00000000                                 [FORMAT "WCOFF"]
     2 00000000                                 [INSTRSET "i486p"]
     3 00000000                                 [OPTIMIZE 1]
     4 00000000                                 [OPTION 1]
     5 00000000                                 [BITS 32]
     6 00000000                                 	EXTERN	_memman_alloc_4k
     7 00000000                                 [FILE "layer.c"]
     8                                          [SECTION .text]
     9 00000000                                 	GLOBAL	_layer_alloc
    10 00000000                                 _layer_alloc:
    11 00000000 55                              	PUSH	EBP
    12 00000001 31 D2                           	XOR	EDX,EDX
    13 00000003 89 E5                           	MOV	EBP,ESP
    14 00000005 8B 45 08                        	MOV	EAX,DWORD [8+EBP]
    15 00000008 05 00000410                     	ADD	EAX,1040
    16 0000000D                                 L7:
    17 0000000D 83 78 1C 00                     	CMP	DWORD [28+EAX],0
    18 00000011 74 10                           	JE	L10
    19 00000013 42                              	INC	EDX
    20 00000014 83 C0 20                        	ADD	EAX,32
    21 00000017 81 FA 000000FF                  	CMP	EDX,255
    22 0000001D 7E EE                           	JLE	L7
    23 0000001F 31 C0                           	XOR	EAX,EAX
    24 00000021                                 L1:
    25 00000021 5D                              	POP	EBP
    26 00000022 C3                              	RET
    27 00000023                                 L10:
    28 00000023 C7 40 1C 00000001               	MOV	DWORD [28+EAX],1
    29 0000002A C7 40 18 FFFFFFFF               	MOV	DWORD [24+EAX],-1
    30 00000031 EB EE                           	JMP	L1
    31 00000033                                 	GLOBAL	_layer_setbuf
    32 00000033                                 _layer_setbuf:
    33 00000033 55                              	PUSH	EBP
    34 00000034 89 E5                           	MOV	EBP,ESP
    35 00000036 8B 55 08                        	MOV	EDX,DWORD [8+EBP]
    36 00000039 8B 45 0C                        	MOV	EAX,DWORD [12+EBP]
    37 0000003C 89 02                           	MOV	DWORD [EDX],EAX
    38 0000003E 8B 45 10                        	MOV	EAX,DWORD [16+EBP]
    39 00000041 89 42 04                        	MOV	DWORD [4+EDX],EAX
    40 00000044 8B 45 14                        	MOV	EAX,DWORD [20+EBP]
    41 00000047 89 42 08                        	MOV	DWORD [8+EDX],EAX
    42 0000004A 8B 45 18                        	MOV	EAX,DWORD [24+EBP]
    43 0000004D 89 42 14                        	MOV	DWORD [20+EDX],EAX
    44 00000050 5D                              	POP	EBP
    45 00000051 C3                              	RET
    46 00000052                                 	GLOBAL	_layer_setheight
    47 00000052                                 _layer_setheight:
    48 00000052 55                              	PUSH	EBP
    49 00000053 89 E5                           	MOV	EBP,ESP
    50 00000055 56                              	PUSH	ESI
    51 00000056 53                              	PUSH	EBX
    52 00000057 8B 5D 08                        	MOV	EBX,DWORD [8+EBP]
    53 0000005A 8B 75 0C                        	MOV	ESI,DWORD [12+EBP]
    54 0000005D 8B 4D 10                        	MOV	ECX,DWORD [16+EBP]
    55 00000060 8B 53 0C                        	MOV	EDX,DWORD [12+EBX]
    56 00000063 8B 46 18                        	MOV	EAX,DWORD [24+ESI]
    57 00000066 39 D1                           	CMP	ECX,EDX
    58 00000068 7E 03                           	JLE	L13
    59 0000006A 8D 4A 01                        	LEA	ECX,DWORD [1+EDX]
    60 0000006D                                 L13:
    61 0000006D 83 F9 FF                        	CMP	ECX,-1
    62 00000070 7D 03                           	JGE	L14
    63 00000072 83 C9 FF                        	OR	ECX,-1
    64 00000075                                 L14:
    65 00000075 89 4E 18                        	MOV	DWORD [24+ESI],ECX
    66 00000078 39 C1                           	CMP	ECX,EAX
    67 0000007A 7D 5C                           	JGE	L15
    68 0000007C 85 C9                           	TEST	ECX,ECX
    69 0000007E 78 35                           	JS	L16
    70 00000080 89 C2                           	MOV	EDX,EAX
    71 00000082 39 C8                           	CMP	EAX,ECX
    72 00000084 7E 10                           	JLE	L47
    73 00000086                                 L21:
    74 00000086 8B 44 93 0C                     	MOV	EAX,DWORD [12+EBX+EDX*4]
    75 0000008A 89 44 93 10                     	MOV	DWORD [16+EBX+EDX*4],EAX
    76 0000008E 89 50 18                        	MOV	DWORD [24+EAX],EDX
    77 00000091 4A                              	DEC	EDX
    78 00000092 39 CA                           	CMP	EDX,ECX
    79 00000094 7F F0                           	JG	L21
    80 00000096                                 L47:
    81 00000096 89 74 8B 10                     	MOV	DWORD [16+EBX+ECX*4],ESI
    82 0000009A                                 L37:
    83 0000009A FF 76 08                        	PUSH	DWORD [8+ESI]
    84 0000009D FF 76 04                        	PUSH	DWORD [4+ESI]
    85 000000A0 6A 00                           	PUSH	0
    86 000000A2 6A 00                           	PUSH	0
    87 000000A4 56                              	PUSH	ESI
    88 000000A5 53                              	PUSH	EBX
    89 000000A6 E8 0000013C                     	CALL	_layerctl_refresh
    90 000000AB 83 C4 18                        	ADD	ESP,24
    91 000000AE                                 L12:
    92 000000AE 8D 65 F8                        	LEA	ESP,DWORD [-8+EBP]
    93 000000B1 5B                              	POP	EBX
    94 000000B2 5E                              	POP	ESI
    95 000000B3 5D                              	POP	EBP
    96 000000B4 C3                              	RET
    97 000000B5                                 L16:
    98 000000B5 8B 4B 0C                        	MOV	ECX,DWORD [12+EBX]
    99 000000B8 39 C1                           	CMP	ECX,EAX
   100 000000BA 7E 17                           	JLE	L23
   101 000000BC 89 C2                           	MOV	EDX,EAX
   102 000000BE 39 C8                           	CMP	EAX,ECX
   103 000000C0 7D 11                           	JGE	L23
   104 000000C2                                 L28:
   105 000000C2 8B 44 93 14                     	MOV	EAX,DWORD [20+EBX+EDX*4]
   106 000000C6 89 44 93 10                     	MOV	DWORD [16+EBX+EDX*4],EAX
   107 000000CA 89 50 18                        	MOV	DWORD [24+EAX],EDX
   108 000000CD 42                              	INC	EDX
   109 000000CE 3B 53 0C                        	CMP	EDX,DWORD [12+EBX]
   110 000000D1 7C EF                           	JL	L28
   111 000000D3                                 L23:
   112 000000D3 FF 4B 0C                        	DEC	DWORD [12+EBX]
   113 000000D6 EB C2                           	JMP	L37
   114 000000D8                                 L15:
   115 000000D8 39 C1                           	CMP	ECX,EAX
   116 000000DA 7E D2                           	JLE	L12
   117 000000DC 85 C0                           	TEST	EAX,EAX
   118 000000DE 78 18                           	JS	L31
   119 000000E0 89 C2                           	MOV	EDX,EAX
   120 000000E2 39 C8                           	CMP	EAX,ECX
   121 000000E4 7D B0                           	JGE	L47
   122 000000E6                                 L36:
   123 000000E6 8B 44 93 14                     	MOV	EAX,DWORD [20+EBX+EDX*4]
   124 000000EA 89 44 93 10                     	MOV	DWORD [16+EBX+EDX*4],EAX
   125 000000EE 89 50 18                        	MOV	DWORD [24+EAX],EDX
   126 000000F1 42                              	INC	EDX
   127 000000F2 39 CA                           	CMP	EDX,ECX
   128 000000F4 7C F0                           	JL	L36
   129 000000F6 EB 9E                           	JMP	L47
   130 000000F8                                 L31:
   131 000000F8 8B 53 0C                        	MOV	EDX,DWORD [12+EBX]
   132 000000FB 39 CA                           	CMP	EDX,ECX
   133 000000FD 7C 10                           	JL	L49
   134 000000FF                                 L42:
   135 000000FF 8B 44 93 10                     	MOV	EAX,DWORD [16+EBX+EDX*4]
   136 00000103 89 44 93 14                     	MOV	DWORD [20+EBX+EDX*4],EAX
   137 00000107 89 50 18                        	MOV	DWORD [24+EAX],EDX
   138 0000010A 4A                              	DEC	EDX
   139 0000010B 39 CA                           	CMP	EDX,ECX
   140 0000010D 7D F0                           	JGE	L42
   141 0000010F                                 L49:
   142 0000010F 89 74 8B 10                     	MOV	DWORD [16+EBX+ECX*4],ESI
   143 00000113 FF 43 0C                        	INC	DWORD [12+EBX]
   144 00000116 E9 FFFFFF7F                     	JMP	L37
   145 0000011B                                 	GLOBAL	_layer_slide
   146 0000011B                                 _layer_slide:
   147 0000011B 55                              	PUSH	EBP
   148 0000011C 89 E5                           	MOV	EBP,ESP
   149 0000011E 57                              	PUSH	EDI
   150 0000011F 56                              	PUSH	ESI
   151 00000120 53                              	PUSH	EBX
   152 00000121 8B 7D 10                        	MOV	EDI,DWORD [16+EBP]
   153 00000124 8B 5D 0C                        	MOV	EBX,DWORD [12+EBP]
   154 00000127 8B 75 14                        	MOV	ESI,DWORD [20+EBP]
   155 0000012A 8B 4B 0C                        	MOV	ECX,DWORD [12+EBX]
   156 0000012D 8B 53 10                        	MOV	EDX,DWORD [16+EBX]
   157 00000130 89 7B 0C                        	MOV	DWORD [12+EBX],EDI
   158 00000133 89 73 10                        	MOV	DWORD [16+EBX],ESI
   159 00000136 83 7B 18 FF                     	CMP	DWORD [24+EBX],-1
   160 0000013A 74 2F                           	JE	L50
   161 0000013C 89 D0                           	MOV	EAX,EDX
   162 0000013E 03 43 08                        	ADD	EAX,DWORD [8+EBX]
   163 00000141 50                              	PUSH	EAX
   164 00000142 89 C8                           	MOV	EAX,ECX
   165 00000144 03 43 04                        	ADD	EAX,DWORD [4+EBX]
   166 00000147 50                              	PUSH	EAX
   167 00000148 52                              	PUSH	EDX
   168 00000149 51                              	PUSH	ECX
   169 0000014A FF 75 08                        	PUSH	DWORD [8+EBP]
   170 0000014D E8 000000E0                     	CALL	_layerctl_refreshsub
   171 00000152 89 F0                           	MOV	EAX,ESI
   172 00000154 03 43 08                        	ADD	EAX,DWORD [8+EBX]
   173 00000157 50                              	PUSH	EAX
   174 00000158 89 F8                           	MOV	EAX,EDI
   175 0000015A 03 43 04                        	ADD	EAX,DWORD [4+EBX]
   176 0000015D 50                              	PUSH	EAX
   177 0000015E 56                              	PUSH	ESI
   178 0000015F 57                              	PUSH	EDI
   179 00000160 FF 75 08                        	PUSH	DWORD [8+EBP]
   180 00000163 E8 000000CA                     	CALL	_layerctl_refreshsub
   181 00000168 83 C4 28                        	ADD	ESP,40
   182 0000016B                                 L50:
   183 0000016B 8D 65 F4                        	LEA	ESP,DWORD [-12+EBP]
   184 0000016E 5B                              	POP	EBX
   185 0000016F 5E                              	POP	ESI
   186 00000170 5F                              	POP	EDI
   187 00000171 5D                              	POP	EBP
   188 00000172 C3                              	RET
   189 00000173                                 	GLOBAL	_layer_free
   190 00000173                                 _layer_free:
   191 00000173 55                              	PUSH	EBP
   192 00000174 89 E5                           	MOV	EBP,ESP
   193 00000176 53                              	PUSH	EBX
   194 00000177 8B 5D 0C                        	MOV	EBX,DWORD [12+EBP]
   195 0000017A 83 7B 18 FF                     	CMP	DWORD [24+EBX],-1
   196 0000017E 74 0E                           	JE	L53
   197 00000180 6A FF                           	PUSH	-1
   198 00000182 53                              	PUSH	EBX
   199 00000183 FF 75 08                        	PUSH	DWORD [8+EBP]
   200 00000186 E8 FFFFFEC7                     	CALL	_layer_setheight
   201 0000018B 83 C4 0C                        	ADD	ESP,12
   202 0000018E                                 L53:
   203 0000018E C7 43 1C 00000000               	MOV	DWORD [28+EBX],0
   204 00000195 8B 5D FC                        	MOV	EBX,DWORD [-4+EBP]
   205 00000198 C9                              	LEAVE
   206 00000199 C3                              	RET
   207 0000019A                                 	GLOBAL	_layerctl_init
   208 0000019A                                 _layerctl_init:
   209 0000019A 55                              	PUSH	EBP
   210 0000019B 89 E5                           	MOV	EBP,ESP
   211 0000019D 68 00002410                     	PUSH	9232
   212 000001A2 FF 75 08                        	PUSH	DWORD [8+EBP]
   213 000001A5 E8 [00000000]                   	CALL	_memman_alloc_4k
   214 000001AA 89 C2                           	MOV	EDX,EAX
   215 000001AC 58                              	POP	EAX
   216 000001AD 59                              	POP	ECX
   217 000001AE 31 C0                           	XOR	EAX,EAX
   218 000001B0 85 D2                           	TEST	EDX,EDX
   219 000001B2 74 31                           	JE	L54
   220 000001B4 8B 45 0C                        	MOV	EAX,DWORD [12+EBP]
   221 000001B7 B9 000000FF                     	MOV	ECX,255
   222 000001BC 89 02                           	MOV	DWORD [EDX],EAX
   223 000001BE 8B 45 10                        	MOV	EAX,DWORD [16+EBP]
   224 000001C1 89 42 04                        	MOV	DWORD [4+EDX],EAX
   225 000001C4 8B 45 14                        	MOV	EAX,DWORD [20+EBP]
   226 000001C7 89 42 08                        	MOV	DWORD [8+EDX],EAX
   227 000001CA 8D 82 0000042C                  	LEA	EAX,DWORD [1068+EDX]
   228 000001D0 C7 42 0C FFFFFFFF               	MOV	DWORD [12+EDX],-1
   229 000001D7                                 L60:
   230 000001D7 C7 00 00000000                  	MOV	DWORD [EAX],0
   231 000001DD 83 C0 20                        	ADD	EAX,32
   232 000001E0 49                              	DEC	ECX
   233 000001E1 79 F4                           	JNS	L60
   234 000001E3 89 D0                           	MOV	EAX,EDX
   235 000001E5                                 L54:
   236 000001E5 C9                              	LEAVE
   237 000001E6 C3                              	RET
   238 000001E7                                 	GLOBAL	_layerctl_refresh
   239 000001E7                                 _layerctl_refresh:
   240 000001E7 55                              	PUSH	EBP
   241 000001E8 89 E5                           	MOV	EBP,ESP
   242 000001EA 57                              	PUSH	EDI
   243 000001EB 56                              	PUSH	ESI
   244 000001EC 53                              	PUSH	EBX
   245 000001ED 57                              	PUSH	EDI
   246 000001EE 8B 55 0C                        	MOV	EDX,DWORD [12+EBP]
   247 000001F1 8B 45 08                        	MOV	EAX,DWORD [8+EBP]
   248 000001F4 89 45 F0                        	MOV	DWORD [-16+EBP],EAX
   249 000001F7 8B 7D 10                        	MOV	EDI,DWORD [16+EBP]
   250 000001FA 8B 75 14                        	MOV	ESI,DWORD [20+EBP]
   251 000001FD 8B 5D 18                        	MOV	EBX,DWORD [24+EBP]
   252 00000200 8B 45 1C                        	MOV	EAX,DWORD [28+EBP]
   253 00000203 83 7A 18 FF                     	CMP	DWORD [24+EDX],-1
   254 00000207 74 23                           	JE	L63
   255 00000209 8B 4A 10                        	MOV	ECX,DWORD [16+EDX]
   256 0000020C 8B 52 0C                        	MOV	EDX,DWORD [12+EDX]
   257 0000020F 8D 04 08                        	LEA	EAX,DWORD [EAX+ECX*1]
   258 00000212 01 F1                           	ADD	ECX,ESI
   259 00000214 89 45 18                        	MOV	DWORD [24+EBP],EAX
   260 00000217 89 4D 10                        	MOV	DWORD [16+EBP],ECX
   261 0000021A 8D 04 13                        	LEA	EAX,DWORD [EBX+EDX*1]
   262 0000021D 01 FA                           	ADD	EDX,EDI
   263 0000021F 89 45 14                        	MOV	DWORD [20+EBP],EAX
   264 00000222 89 55 0C                        	MOV	DWORD [12+EBP],EDX
   265 00000225 5E                              	POP	ESI
   266 00000226 5B                              	POP	EBX
   267 00000227 5E                              	POP	ESI
   268 00000228 5F                              	POP	EDI
   269 00000229 5D                              	POP	EBP
   270 0000022A EB 06                           	JMP	_layerctl_refreshsub
   271 0000022C                                 L63:
   272 0000022C 5B                              	POP	EBX
   273 0000022D 5B                              	POP	EBX
   274 0000022E 5E                              	POP	ESI
   275 0000022F 5F                              	POP	EDI
   276 00000230 5D                              	POP	EBP
   277 00000231 C3                              	RET
   278 00000232                                 	GLOBAL	_layerctl_refreshsub
   279 00000232                                 _layerctl_refreshsub:
   280 00000232 55                              	PUSH	EBP
   281 00000233 31 D2                           	XOR	EDX,EDX
   282 00000235 89 E5                           	MOV	EBP,ESP
   283 00000237 57                              	PUSH	EDI
   284 00000238 56                              	PUSH	ESI
   285 00000239 53                              	PUSH	EBX
   286 0000023A 83 EC 28                        	SUB	ESP,40
   287 0000023D 8B 45 08                        	MOV	EAX,DWORD [8+EBP]
   288 00000240 8B 75 08                        	MOV	ESI,DWORD [8+EBP]
   289 00000243 C7 45 F0 00000000               	MOV	DWORD [-16+EBP],0
   290 0000024A 8B 00                           	MOV	EAX,DWORD [EAX]
   291 0000024C 3B 56 0C                        	CMP	EDX,DWORD [12+ESI]
   292 0000024F 89 45 D8                        	MOV	DWORD [-40+EBP],EAX
   293 00000252 0F 8F 000000C6                  	JG	L87
   294 00000258                                 L85:
   295 00000258 8B 7D F0                        	MOV	EDI,DWORD [-16+EBP]
   296 0000025B 8B 45 08                        	MOV	EAX,DWORD [8+EBP]
   297 0000025E 8B 5D 10                        	MOV	EBX,DWORD [16+EBP]
   298 00000261 8B 75 14                        	MOV	ESI,DWORD [20+EBP]
   299 00000264 8B 4C B8 10                     	MOV	ECX,DWORD [16+EAX+EDI*4]
   300 00000268 8B 7D 18                        	MOV	EDI,DWORD [24+EBP]
   301 0000026B 8B 11                           	MOV	EDX,DWORD [ECX]
   302 0000026D 8B 41 0C                        	MOV	EAX,DWORD [12+ECX]
   303 00000270 89 55 E0                        	MOV	DWORD [-32+EBP],EDX
   304 00000273 29 C6                           	SUB	ESI,EAX
   305 00000275 8B 51 10                        	MOV	EDX,DWORD [16+ECX]
   306 00000278 89 75 CC                        	MOV	DWORD [-52+EBP],ESI
   307 0000027B 29 D7                           	SUB	EDI,EDX
   308 0000027D 29 D3                           	SUB	EBX,EDX
   309 0000027F 8B 55 0C                        	MOV	EDX,DWORD [12+EBP]
   310 00000282 89 7D D4                        	MOV	DWORD [-44+EBP],EDI
   311 00000285 29 C2                           	SUB	EDX,EAX
   312 00000287 89 55 E4                        	MOV	DWORD [-28+EBP],EDX
   313 0000028A 0F 88 0000009D                  	JS	L92
   314 00000290                                 L70:
   315 00000290 85 DB                           	TEST	EBX,EBX
   316 00000292 0F 88 0000008E                  	JS	L93
   317 00000298                                 L71:
   318 00000298 8B 41 04                        	MOV	EAX,DWORD [4+ECX]
   319 0000029B 39 45 CC                        	CMP	DWORD [-52+EBP],EAX
   320 0000029E 7E 03                           	JLE	L72
   321 000002A0 89 45 CC                        	MOV	DWORD [-52+EBP],EAX
   322 000002A3                                 L72:
   323 000002A3 8B 41 08                        	MOV	EAX,DWORD [8+ECX]
   324 000002A6 39 45 D4                        	CMP	DWORD [-44+EBP],EAX
   325 000002A9 7E 03                           	JLE	L73
   326 000002AB 89 45 D4                        	MOV	DWORD [-44+EBP],EAX
   327 000002AE                                 L73:
   328 000002AE 3B 5D D4                        	CMP	EBX,DWORD [-44+EBP]
   329 000002B1 7D 59                           	JGE	L89
   330 000002B3                                 L84:
   331 000002B3 8B 71 10                        	MOV	ESI,DWORD [16+ECX]
   332 000002B6 8B 55 E4                        	MOV	EDX,DWORD [-28+EBP]
   333 000002B9 01 DE                           	ADD	ESI,EBX
   334 000002BB 3B 55 CC                        	CMP	EDX,DWORD [-52+EBP]
   335 000002BE 89 75 E8                        	MOV	DWORD [-24+EBP],ESI
   336 000002C1 7D 43                           	JGE	L91
   337 000002C3                                 L83:
   338 000002C3 89 D8                           	MOV	EAX,EBX
   339 000002C5 8B 79 0C                        	MOV	EDI,DWORD [12+ECX]
   340 000002C8 0F AF 41 04                     	IMUL	EAX,DWORD [4+ECX]
   341 000002CC 01 D7                           	ADD	EDI,EDX
   342 000002CE 8B 75 E0                        	MOV	ESI,DWORD [-32+EBP]
   343 000002D1 01 D0                           	ADD	EAX,EDX
   344 000002D3 89 7D EC                        	MOV	DWORD [-20+EBP],EDI
   345 000002D6 8A 04 30                        	MOV	AL,BYTE [EAX+ESI*1]
   346 000002D9 88 45 DF                        	MOV	BYTE [-33+EBP],AL
   347 000002DC 0F B6 C0                        	MOVZX	EAX,AL
   348 000002DF 3B 41 14                        	CMP	EAX,DWORD [20+ECX]
   349 000002E2 74 1C                           	JE	L80
   350 000002E4 8B 7D 08                        	MOV	EDI,DWORD [8+EBP]
   351 000002E7 8B 45 E8                        	MOV	EAX,DWORD [-24+EBP]
   352 000002EA 8B 75 D8                        	MOV	ESI,DWORD [-40+EBP]
   353 000002ED 0F AF 47 04                     	IMUL	EAX,DWORD [4+EDI]
   354 000002F1 03 45 EC                        	ADD	EAX,DWORD [-20+EBP]
   355 000002F4 89 45 D0                        	MOV	DWORD [-48+EBP],EAX
   356 000002F7 8A 45 DF                        	MOV	AL,BYTE [-33+EBP]
   357 000002FA 8B 7D D0                        	MOV	EDI,DWORD [-48+EBP]
   358 000002FD 88 04 37                        	MOV	BYTE [EDI+ESI*1],AL
   359 00000300                                 L80:
   360 00000300 42                              	INC	EDX
   361 00000301 3B 55 CC                        	CMP	EDX,DWORD [-52+EBP]
   362 00000304 7C BD                           	JL	L83
   363 00000306                                 L91:
   364 00000306 43                              	INC	EBX
   365 00000307 3B 5D D4                        	CMP	EBX,DWORD [-44+EBP]
   366 0000030A 7C A7                           	JL	L84
   367 0000030C                                 L89:
   368 0000030C 8B 55 08                        	MOV	EDX,DWORD [8+EBP]
   369 0000030F FF 45 F0                        	INC	DWORD [-16+EBP]
   370 00000312 8B 45 F0                        	MOV	EAX,DWORD [-16+EBP]
   371 00000315 3B 42 0C                        	CMP	EAX,DWORD [12+EDX]
   372 00000318 0F 8E FFFFFF3A                  	JLE	L85
   373 0000031E                                 L87:
   374 0000031E 83 C4 28                        	ADD	ESP,40
   375 00000321 5B                              	POP	EBX
   376 00000322 5E                              	POP	ESI
   377 00000323 5F                              	POP	EDI
   378 00000324 5D                              	POP	EBP
   379 00000325 C3                              	RET
   380 00000326                                 L93:
   381 00000326 31 DB                           	XOR	EBX,EBX
   382 00000328 E9 FFFFFF6B                     	JMP	L71
   383 0000032D                                 L92:
   384 0000032D C7 45 E4 00000000               	MOV	DWORD [-28+EBP],0
   385 00000334 E9 FFFFFF57                     	JMP	L70
